--- Copying files at Fri Mar 15 11:56:06 UTC 2024
INSTALLED plugins/bootstrap5-api.jpi : 5.3.3-1
INSTALLED plugins/checks-api.jpi : 2.0.2
INSTALLED plugins/json-api.jpi : 20240303-41.v94e11e6de726
INSTALLED plugins/blueocean-jwt.jpi : 1.27.11
INSTALLED plugins/trilead-api.jpi : 2.142.v748523a_76693
INSTALLED plugins/joda-time-api.jpi : 2.12.7-29.v5a_b_e3a_82269a_
INSTALLED plugins/pipeline-model-extensions.jpi : 2.2184.v0b_358b_953e69
INSTALLED plugins/htmlpublisher.jpi : 1.33
INSTALLED plugins/jakarta-activation-api.jpi : 2.1.3-1
INSTALLED plugins/display-url-api.jpi : 2.200.vb_9327d658781
INSTALLED plugins/github.jpi : 1.38.0
INSTALLED plugins/sse-gateway.jpi : 1.26
INSTALLED plugins/asm-api.jpi : 9.6-3.v2e1fa_b_338cd7
INSTALLED plugins/workflow-api.jpi : 1291.v51fd2a_625da_7
INSTALLED plugins/branch-api.jpi : 2.1152.v6f101e97dd77
INSTALLED plugins/variant.jpi : 60.v7290fc0eb_b_cd
INSTALLED plugins/blueocean-personalization.jpi : 1.27.11
INSTALLED plugins/pipeline-graph-analysis.jpi : 216.vfd8b_ece330ca_
INSTALLED plugins/blueocean-web.jpi : 1.27.11
INSTALLED plugins/blueocean-commons.jpi : 1.27.11
INSTALLED plugins/jenkins-design-language.jpi : 1.27.11
INSTALLED plugins/pipeline-build-step.jpi : 540.vb_e8849e1a_b_d8
INSTALLED plugins/mailer.jpi : 472.vf7c289a_4b_420
INSTALLED plugins/bouncycastle-api.jpi : 2.30.1.77-225.v26ea_c9455fd9
INSTALLED plugins/matrix-project.jpi : 822.824.v14451b_c0fd42
INSTALLED plugins/pipeline-input-step.jpi : 491.vb_07d21da_1a_fb_
INSTALLED plugins/workflow-step-api.jpi : 657.v03b_e8115821b_
INSTALLED plugins/docker-workflow.jpi : 572.v950f58993843
INSTALLED plugins/blueocean-git-pipeline.jpi : 1.27.11
INSTALLED plugins/workflow-basic-steps.jpi : 1049.v257a_e6b_30fb_d
INSTALLED plugins/gson-api.jpi : 2.10.1-15.v0d99f670e0a_7
INSTALLED plugins/structs.jpi : 337.v1b_04ea_4df7c8
INSTALLED plugins/blueocean-pipeline-scm-api.jpi : 1.27.11
INSTALLED plugins/commons-lang3-api.jpi : 3.13.0-62.v7d18e55f51e2
INSTALLED plugins/blueocean-pipeline-api-impl.jpi : 1.27.11
INSTALLED plugins/snakeyaml-api.jpi : 2.2-111.vc6598e30cc65
INSTALLED plugins/jakarta-mail-api.jpi : 2.1.3-1
INSTALLED plugins/git.jpi : 5.2.1
INSTALLED plugins/script-security.jpi : 1326.vdb_c154de8669
INSTALLED plugins/javax-activation-api.jpi : 1.2.0-6
INSTALLED plugins/token-macro.jpi : 400.v35420b_922dcb_
INSTALLED plugins/jaxb.jpi : 2.3.9-1
INSTALLED plugins/jackson2-api.jpi : 2.16.2-378.v7e79818f53ce
INSTALLED plugins/git-client.jpi : 4.7.0
INSTALLED plugins/workflow-job.jpi : 1400.v7fd111b_ec82f
INSTALLED plugins/plugin-util-api.jpi : 4.1.0
INSTALLED plugins/blueocean-github-pipeline.jpi : 1.27.11
INSTALLED plugins/blueocean-bitbucket-pipeline.jpi : 1.27.11
INSTALLED plugins/ssh-credentials.jpi : 322.v124df57ed808
INSTALLED plugins/blueocean-config.jpi : 1.27.11
INSTALLED plugins/okhttp-api.jpi : 4.11.0-172.vda_da_1feeb_c6e
INSTALLED plugins/blueocean-core-js.jpi : 1.27.11
INSTALLED plugins/credentials.jpi : 1337.v60b_d7b_c7b_c9f
INSTALLED plugins/workflow-cps.jpi : 3883.vb_3ff2a_e3eea_f
INSTALLED plugins/workflow-durable-task-step.jpi : 1331.vc8c2fed35334
INSTALLED plugins/pipeline-stage-step.jpi : 305.ve96d0205c1c6
INSTALLED plugins/workflow-support.jpi : 865.v43e78cc44e0d
INSTALLED plugins/font-awesome-api.jpi : 6.5.1-3
INSTALLED plugins/instance-identity.jpi : 185.v303dc7c645f9
INSTALLED plugins/credentials-binding.jpi : 657.v2b_19db_7d6e6d
INSTALLED plugins/scm-api.jpi : 689.v237b_6d3a_ef7f
INSTALLED plugins/pubsub-light.jpi : 1.18
INSTALLED plugins/blueocean-display-url.jpi : 2.4.2
INSTALLED plugins/apache-httpcomponents-client-4-api.jpi : 4.5.14-208.v438351942757
INSTALLED plugins/favorite.jpi : 2.208.v91d65b_7792a_c
INSTALLED plugins/blueocean-rest.jpi : 1.27.11
INSTALLED plugins/plain-credentials.jpi : 179.vc5cb_98f6db_38
INSTALLED plugins/pipeline-groovy-lib.jpi : 704.vc58b_8890a_384
INSTALLED plugins/github-branch-source.jpi : 1781.va_153cda_09d1b_
INSTALLED plugins/ionicons-api.jpi : 56.v1b_1c8c49374e
INSTALLED plugins/authentication-tokens.jpi : 1.53.v1c90fd9191a_b_
INSTALLED plugins/cloudbees-bitbucket-branch-source.jpi : 880.vcf4056c5a_71f
INSTALLED plugins/jjwt-api.jpi : 0.11.5-77.v646c772fddb_0
INSTALLED plugins/handy-uri-templates-2-api.jpi : 2.1.8-30.v7e777411b_148
INSTALLED plugins/blueocean.jpi : 1.27.11
INSTALLED plugins/commons-text-api.jpi : 1.11.0-95.v22a_d30ee5d36
INSTALLED plugins/blueocean-dashboard.jpi : 1.27.11
INSTALLED plugins/caffeine-api.jpi : 3.1.8-133.v17b_1ff2e0599
INSTALLED plugins/blueocean-events.jpi : 1.27.11
INSTALLED plugins/echarts-api.jpi : 5.5.0-1
INSTALLED plugins/workflow-multibranch.jpi : 773.vc4fe1378f1d5
INSTALLED plugins/mina-sshd-api-core.jpi : 2.12.0-90.v9f7fb_9fa_3d3b_
INSTALLED plugins/junit.jpi : 1259.v65ffcef24a_88
INSTALLED plugins/mina-sshd-api-common.jpi : 2.12.0-90.v9f7fb_9fa_3d3b_
INSTALLED plugins/pipeline-stage-tags-metadata.jpi : 2.2184.v0b_358b_953e69
INSTALLED plugins/pipeline-milestone-step.jpi : 111.v449306f708b_7
INSTALLED plugins/docker-commons.jpi : 439.va_3cb_0a_6a_fb_29
INSTALLED plugins/blueocean-pipeline-editor.jpi : 1.27.11
INSTALLED plugins/github-api.jpi : 1.318-461.v7a_c09c9fa_d63
INSTALLED plugins/pipeline-model-api.jpi : 2.2184.v0b_358b_953e69
INSTALLED plugins/blueocean-rest-impl.jpi : 1.27.11
INSTALLED plugins/cloudbees-folder.jpi : 6.901.vb_4c7a_da_75da_3
INSTALLED plugins/durable-task.jpi : 550.v0930093c4b_a_6
INSTALLED plugins/jquery3-api.jpi : 3.7.1-2
INSTALLED plugins/blueocean-i18n.jpi : 1.27.11
INSTALLED plugins/pipeline-model-definition.jpi : 2.2184.v0b_358b_953e69
INSTALLED plugins/workflow-scm-step.jpi : 427.v4ca_6512e7df1
--- Copying files at Fri Mar 15 12:15:47 UTC 2024
--- Copying files at Fri Mar 15 12:19:46 UTC 2024
--- Copying files at Fri Mar 15 12:21:35 UTC 2024
--- Copying files at Fri Mar 15 12:43:11 UTC 2024
--- Copying files at Fri Mar 15 12:57:36 UTC 2024
--- Copying files at Fri Mar 15 13:09:13 UTC 2024
